# solmex -cdnversion -FTP':.*' -ix -mx -zany:zfs,emoel:nfs4,zfs,homes:nfs4,zfs

solmex_node_dmi_info{chassis_asset_tag="0672042071494",chassis_version="CSE-219A-R920LPB",chassis_vendor="Supermicro",board_asset_tag="0672042101108",board_version="1.01",board_name="X9DRH-iF",board_vendor="Supermicro",product_family="Fx86 Server",product_sku="N/A",product_version="2.0",product_name="F216A-DE5",system_vendor="WBS",bios_release="0.0",bios_date="12/27/2013",bios_version="3.0a",bios_vendor="American Megatrends Inc."} 1

solmex_node_unit_page_bytes 4096
solmex_node_unit_second_ticks 100

solmex_node_cpus_total{state="online"} 32
solmex_node_cpus_total{state="offline"} 0

solmex_node_boot_time_seconds 1736538323

solmex_node_cpu_info{package="0",cachesize="20480 KB",freq_base="2900000000",model_name="Intel Xeon E5-2690",freq_min="1200000000",freq_max="4000000000",vendor="GenuineIntel",family="6",model="45",stepping="7",cores="8"} 1
solmex_node_cpu_info{package="1",cachesize="20480 KB",freq_base="2900000000",model_name="Intel Xeon E5-2690",freq_min="1200000000",freq_max="4000000000",vendor="GenuineIntel",family="6",model="45",stepping="7",cores="8"} 1

solmex_node_load1 1.05078125
solmex_node_load5 1.11328125
solmex_node_load15 1.203125
solmex_node_load_memdeficit_bytes 0

solmex_node_swap_resv_bytes 7568379904
solmex_node_swap_allocated_bytes 6266945536
solmex_node_swap_available_bytes 26539622400
solmex_node_swap_free_bytes 27841056768

solmex_node_procq_run_pps 1
solmex_node_procq_swap_pps 0
solmex_node_procq_wait_pps 0

solmex_node_mem_phys_bytes 137387560960
solmex_node_mem_availr_bytes 28149624832
solmex_node_mem_locked_bytes 109237936128
solmex_node_mem_free_bytes 25589313536
solmex_node_mem_lotsfree 2146676736
solmex_node_mem_desfree 1073336320
solmex_node_mem_minfree 536666112
solmex_node_mem_desscan 102400
solmex_node_mem_slowscan 409600
solmex_node_mem_fastscan 5613678592
solmex_node_mem_nscan 0
solmex_node_mem_kernel_bytes 105996337152
solmex_node_mem_nalloc_calls 20921
solmex_node_mem_nalloc_bytes 39445350
solmex_node_mem_nfree_calls 12581
solmex_node_mem_nfree_bytes 36869935

solmex_node_vm_swapin{cpu="sum"} 0
solmex_node_vm_swapout{cpu="sum"} 0
solmex_node_vm_pgrec{cpu="sum"} 10072799760
solmex_node_vm_pgfrec{cpu="sum"} 10072799750
solmex_node_vm_hat_fault{cpu="sum"} 0
solmex_node_vm_as_fault{cpu="sum"} 11529120820
solmex_node_vm_pgpgin{cpu="sum"} 2032851
solmex_node_vm_pgpgout{cpu="sum"} 317534
solmex_node_vm_dfree{cpu="sum"} 318523
solmex_node_vm_scan{cpu="sum"} 7598070
solmex_node_vm_execpgin{cpu="sum"} 70
solmex_node_vm_execpgout{cpu="sum"} 2070
solmex_node_vm_execfree{cpu="sum"} 2213
solmex_node_vm_anonpgin{cpu="sum"} 105680
solmex_node_vm_anonpgout{cpu="sum"} 310177
solmex_node_vm_anonfree{cpu="sum"} 310167
solmex_node_vm_fspgin{cpu="sum"} 1927101
solmex_node_vm_fspgout{cpu="sum"} 5287
solmex_node_vm_fsfree{cpu="sum"} 6143

solmex_node_sys_cpu_idle_ticks{cpu="sum"} 36899087111
solmex_node_sys_cpu_kernel_ticks{cpu="sum"} 445543746
solmex_node_sys_cpu_user_ticks{cpu="sum"} 799136034
solmex_node_sys_cpu_wait_ticks{cpu="sum"} 0
solmex_node_sys_intr{cpu="sum"} 51418680373
solmex_node_sys_pswitch{cpu="sum"} 58437716008
solmex_node_sys_syscall{cpu="sum"} 59994606582
solmex_node_sys_sysexec{cpu="sum"} 34782966
solmex_node_sys_sysfork{cpu="sum"} 2494756
solmex_node_sys_sysvfork{cpu="sum"} 12189626
solmex_node_sys_trap{cpu="sum"} 12543278849
solmex_node_sys_inv_swtch{cpu="sum"} 105877245
solmex_node_sys_namei{cpu="sum"} 15392680767
solmex_node_sys_nthreads{cpu="sum"} 32740539
solmex_node_sys_phread{cpu="sum"} 24132327
solmex_node_sys_phwrite{cpu="sum"} 50
solmex_node_sys_sysread{cpu="sum"} 805954056
solmex_node_sys_syswrite{cpu="sum"} 269873048
solmex_node_sys_xcalls{cpu="sum"} 994375514
solmex_node_sys_intrthread{cpu="sum"} 36200071774
solmex_node_sys_cpumigrate{cpu="sum"} 3953571027
solmex_node_sys_mutex_adenters{cpu="sum"} 18032849467
solmex_node_sys_rw_rdfails{cpu="sum"} 919396
solmex_node_sys_rw_wrfails{cpu="sum"} 245846

solmex_node_net_ifspeed_bps{nic="baremetal3",type="vnic",gz="baremetal"}  100000000
solmex_node_net_ifspeed_bps{nic="baremetal0",type="vnic",gz="baremetal"}  10000000000
solmex_node_net_ifspeed_bps{nic="archive0",type="vnic",gz="baremetal",ngz="archive"}  10000000000
solmex_node_net_ifspeed_bps{nic="srepo0",type="vnic",gz="baremetal",ngz="srepo"}  10000000000
solmex_node_net_ifspeed_bps{nic="edogs0",type="vnic",gz="baremetal",ngz="edogs"}  10000000000
solmex_node_net_ifspeed_bps{nic="bloatware0",type="vnic",gz="baremetal",ngz="bloatware"}  10000000000
solmex_node_net_ifspeed_bps{nic="dev-i386_0",type="vnic",gz="baremetal",ngz="dev-i386"}  10000000000
solmex_node_net_ifspeed_bps{nic="emoel0",type="vnic",gz="baremetal",ngz="emoel"}  10000000000
solmex_node_net_ifspeed_bps{nic="emoel2",type="vnic",gz="baremetal",ngz="emoel"}  100000000
solmex_node_net_ifspeed_bps{nic="homes0",type="vnic",gz="baremetal",ngz="homes"}  10000000000
solmex_node_net_ifspeed_bps{nic="emoel1",type="vnic",gz="baremetal",ngz="emoel"}  10000000000
solmex_node_net_ifspeed_bps{nic="archive3",type="vnic",gz="baremetal",ngz="archive"}  10000000000
solmex_node_net_ifspeed_bps{nic="homes3",type="vnic",gz="baremetal",ngz="homes"}  10000000000
solmex_node_net_rx_bytes{nic="baremetal3",type="vnic",gz="baremetal"} 1628405024
solmex_node_net_rx_bytes{nic="baremetal0",type="vnic",gz="baremetal"} 14334574613
solmex_node_net_rx_bytes{nic="archive0",type="vnic",gz="baremetal",ngz="archive"} 186999933768288
solmex_node_net_rx_bytes{nic="srepo0",type="vnic",gz="baremetal",ngz="srepo"} 69790358152
solmex_node_net_rx_bytes{nic="edogs0",type="vnic",gz="baremetal",ngz="edogs"} 406873135797
solmex_node_net_rx_bytes{nic="bloatware0",type="vnic",gz="baremetal",ngz="bloatware"} 9426435365659
solmex_node_net_rx_bytes{nic="dev-i386_0",type="vnic",gz="baremetal",ngz="dev-i386"} 10176639499
solmex_node_net_rx_bytes{nic="emoel0",type="vnic",gz="baremetal",ngz="emoel"} 70532321567
solmex_node_net_rx_bytes{nic="emoel2",type="vnic",gz="baremetal",ngz="emoel"} 1630549295
solmex_node_net_rx_bytes{nic="homes0",type="vnic",gz="baremetal",ngz="homes"} 121257868405058
solmex_node_net_rx_bytes{nic="emoel1",type="vnic",gz="baremetal",ngz="emoel"} 283891405
solmex_node_net_rx_bytes{nic="archive3",type="vnic",gz="baremetal",ngz="archive"} 2355801312
solmex_node_net_rx_bytes{nic="homes3",type="vnic",gz="baremetal",ngz="homes"} 2367704916
solmex_node_net_rx_pkts{nic="baremetal3",type="vnic",gz="baremetal"} 4746391
solmex_node_net_rx_pkts{nic="baremetal0",type="vnic",gz="baremetal"} 201718870
solmex_node_net_rx_pkts{nic="archive0",type="vnic",gz="baremetal",ngz="archive"} 124178400349
solmex_node_net_rx_pkts{nic="srepo0",type="vnic",gz="baremetal",ngz="srepo"} 201028390
solmex_node_net_rx_pkts{nic="edogs0",type="vnic",gz="baremetal",ngz="edogs"} 511117816
solmex_node_net_rx_pkts{nic="bloatware0",type="vnic",gz="baremetal",ngz="bloatware"} 6630047603
solmex_node_net_rx_pkts{nic="dev-i386_0",type="vnic",gz="baremetal",ngz="dev-i386"} 158709320
solmex_node_net_rx_pkts{nic="emoel0",type="vnic",gz="baremetal",ngz="emoel"} 257559106
solmex_node_net_rx_pkts{nic="emoel2",type="vnic",gz="baremetal",ngz="emoel"} 4762654
solmex_node_net_rx_pkts{nic="homes0",type="vnic",gz="baremetal",ngz="homes"} 87908075608
solmex_node_net_rx_pkts{nic="emoel1",type="vnic",gz="baremetal",ngz="emoel"} 3527882
solmex_node_net_rx_pkts{nic="archive3",type="vnic",gz="baremetal",ngz="archive"} 11241682
solmex_node_net_rx_pkts{nic="homes3",type="vnic",gz="baremetal",ngz="homes"} 11260120
solmex_node_net_tx_bytes{nic="baremetal3",type="vnic",gz="baremetal"} 1670340
solmex_node_net_tx_bytes{nic="baremetal0",type="vnic",gz="baremetal"} 52808788466
solmex_node_net_tx_bytes{nic="archive0",type="vnic",gz="baremetal",ngz="archive"} 10923568002972
solmex_node_net_tx_bytes{nic="srepo0",type="vnic",gz="baremetal",ngz="srepo"} 108674772354
solmex_node_net_tx_bytes{nic="edogs0",type="vnic",gz="baremetal",ngz="edogs"} 239291055880
solmex_node_net_tx_bytes{nic="bloatware0",type="vnic",gz="baremetal",ngz="bloatware"} 6107195451277
solmex_node_net_tx_bytes{nic="dev-i386_0",type="vnic",gz="baremetal",ngz="dev-i386"} 64196361
solmex_node_net_tx_bytes{nic="emoel0",type="vnic",gz="baremetal",ngz="emoel"} 126082383541
solmex_node_net_tx_bytes{nic="emoel2",type="vnic",gz="baremetal",ngz="emoel"} 3915548
solmex_node_net_tx_bytes{nic="homes0",type="vnic",gz="baremetal",ngz="homes"} 98037579790198
solmex_node_net_tx_bytes{nic="emoel1",type="vnic",gz="baremetal",ngz="emoel"} 20488794
solmex_node_net_tx_bytes{nic="archive3",type="vnic",gz="baremetal",ngz="archive"} 20110818
solmex_node_net_tx_bytes{nic="homes3",type="vnic",gz="baremetal",ngz="homes"} 20111646
solmex_node_net_tx_pkts{nic="baremetal3",type="vnic",gz="baremetal"} 39762
solmex_node_net_tx_pkts{nic="baremetal0",type="vnic",gz="baremetal"} 29162508
solmex_node_net_tx_pkts{nic="archive0",type="vnic",gz="baremetal",ngz="archive"} 62365100829
solmex_node_net_tx_pkts{nic="srepo0",type="vnic",gz="baremetal",ngz="srepo"} 26951302
solmex_node_net_tx_pkts{nic="edogs0",type="vnic",gz="baremetal",ngz="edogs"} 192343499
solmex_node_net_tx_pkts{nic="bloatware0",type="vnic",gz="baremetal",ngz="bloatware"} 3384665610
solmex_node_net_tx_pkts{nic="dev-i386_0",type="vnic",gz="baremetal",ngz="dev-i386"} 1008359
solmex_node_net_tx_pkts{nic="emoel0",type="vnic",gz="baremetal",ngz="emoel"} 60594619
solmex_node_net_tx_pkts{nic="emoel2",type="vnic",gz="baremetal",ngz="emoel"} 60205
solmex_node_net_tx_pkts{nic="homes0",type="vnic",gz="baremetal",ngz="homes"} 44613761191
solmex_node_net_tx_pkts{nic="emoel1",type="vnic",gz="baremetal",ngz="emoel"} 442022
solmex_node_net_tx_pkts{nic="archive3",type="vnic",gz="baremetal",ngz="archive"} 437161
solmex_node_net_tx_pkts{nic="homes3",type="vnic",gz="baremetal",ngz="homes"} 437179
solmex_node_net_rx_broadcast_bytes{nic="baremetal3",type="vnic",gz="baremetal"} 1628404964
solmex_node_net_rx_broadcast_bytes{nic="baremetal0",type="vnic",gz="baremetal"} 10576955933
solmex_node_net_rx_broadcast_bytes{nic="archive0",type="vnic",gz="baremetal",ngz="archive"} 10835000271
solmex_node_net_rx_broadcast_bytes{nic="srepo0",type="vnic",gz="baremetal",ngz="srepo"} 9975919997
solmex_node_net_rx_broadcast_bytes{nic="edogs0",type="vnic",gz="baremetal",ngz="edogs"} 9976112169
solmex_node_net_rx_broadcast_bytes{nic="bloatware0",type="vnic",gz="baremetal",ngz="bloatware"} 9976212647
solmex_node_net_rx_broadcast_bytes{nic="dev-i386_0",type="vnic",gz="baremetal",ngz="dev-i386"} 9976203199
solmex_node_net_rx_broadcast_bytes{nic="emoel0",type="vnic",gz="baremetal",ngz="emoel"} 10833657153
solmex_node_net_rx_broadcast_bytes{nic="emoel2",type="vnic",gz="baremetal",ngz="emoel"} 1628384216
solmex_node_net_rx_broadcast_bytes{nic="homes0",type="vnic",gz="baremetal",ngz="homes"} 9975652439
solmex_node_net_rx_broadcast_bytes{nic="emoel1",type="vnic",gz="baremetal",ngz="emoel"} 212871958
solmex_node_net_rx_broadcast_bytes{nic="archive3",type="vnic",gz="baremetal",ngz="archive"} 2324188104
solmex_node_net_rx_broadcast_bytes{nic="homes3",type="vnic",gz="baremetal",ngz="homes"} 2336091452
solmex_node_net_rx_broadcast_pkts{nic="baremetal3",type="vnic",gz="baremetal"} 4746390
solmex_node_net_rx_broadcast_pkts{nic="baremetal0",type="vnic",gz="baremetal"} 175559692
solmex_node_net_rx_broadcast_pkts{nic="archive0",type="vnic",gz="baremetal",ngz="archive"} 179245988
solmex_node_net_rx_broadcast_pkts{nic="srepo0",type="vnic",gz="baremetal",ngz="srepo"} 155909626
solmex_node_net_rx_broadcast_pkts{nic="edogs0",type="vnic",gz="baremetal",ngz="edogs"} 155912100
solmex_node_net_rx_broadcast_pkts{nic="bloatware0",type="vnic",gz="baremetal",ngz="bloatware"} 155914257
solmex_node_net_rx_broadcast_pkts{nic="dev-i386_0",type="vnic",gz="baremetal",ngz="dev-i386"} 155914053
solmex_node_net_rx_broadcast_pkts{nic="emoel0",type="vnic",gz="baremetal",ngz="emoel"} 179214055
solmex_node_net_rx_broadcast_pkts{nic="emoel2",type="vnic",gz="baremetal",ngz="emoel"} 4745896
solmex_node_net_rx_broadcast_pkts{nic="homes0",type="vnic",gz="baremetal",ngz="homes"} 155902131
solmex_node_net_rx_broadcast_pkts{nic="emoel1",type="vnic",gz="baremetal",ngz="emoel"} 3098832
solmex_node_net_rx_broadcast_pkts{nic="archive3",type="vnic",gz="baremetal",ngz="archive"} 10748227
solmex_node_net_rx_broadcast_pkts{nic="homes3",type="vnic",gz="baremetal",ngz="homes"} 10766661
solmex_node_net_tx_broadcast_bytes{nic="baremetal3",type="vnic",gz="baremetal"} 1669248
solmex_node_net_tx_broadcast_bytes{nic="baremetal0",type="vnic",gz="baremetal"} 276562692
solmex_node_net_tx_broadcast_bytes{nic="archive0",type="vnic",gz="baremetal",ngz="archive"} 18601590
solmex_node_net_tx_broadcast_bytes{nic="srepo0",type="vnic",gz="baremetal",ngz="srepo"} 20344512
solmex_node_net_tx_broadcast_bytes{nic="edogs0",type="vnic",gz="baremetal",ngz="edogs"} 20419814
solmex_node_net_tx_broadcast_bytes{nic="bloatware0",type="vnic",gz="baremetal",ngz="bloatware"} 20323766
solmex_node_net_tx_broadcast_bytes{nic="dev-i386_0",type="vnic",gz="baremetal",ngz="dev-i386"} 20332736
solmex_node_net_tx_broadcast_bytes{nic="emoel0",type="vnic",gz="baremetal",ngz="emoel"} 19938702
solmex_node_net_tx_broadcast_bytes{nic="emoel2",type="vnic",gz="baremetal",ngz="emoel"} 1689996
solmex_node_net_tx_broadcast_bytes{nic="homes0",type="vnic",gz="baremetal",ngz="homes"} 20872684
solmex_node_net_tx_broadcast_bytes{nic="emoel1",type="vnic",gz="baremetal",ngz="emoel"} 20104668
solmex_node_net_tx_broadcast_bytes{nic="archive3",type="vnic",gz="baremetal",ngz="archive"} 20104024
solmex_node_net_tx_broadcast_bytes{nic="homes3",type="vnic",gz="baremetal",ngz="homes"} 20104990
solmex_node_net_tx_broadcast_pkts{nic="baremetal3",type="vnic",gz="baremetal"} 39744
solmex_node_net_tx_broadcast_pkts{nic="baremetal0",type="vnic",gz="baremetal"} 4127766
solmex_node_net_tx_broadcast_pkts{nic="archive0",type="vnic",gz="baremetal",ngz="archive"} 442895
solmex_node_net_tx_broadcast_pkts{nic="srepo0",type="vnic",gz="baremetal",ngz="srepo"} 442272
solmex_node_net_tx_broadcast_pkts{nic="edogs0",type="vnic",gz="baremetal",ngz="edogs"} 443909
solmex_node_net_tx_broadcast_pkts{nic="bloatware0",type="vnic",gz="baremetal",ngz="bloatware"} 441821
solmex_node_net_tx_broadcast_pkts{nic="dev-i386_0",type="vnic",gz="baremetal",ngz="dev-i386"} 442016
solmex_node_net_tx_broadcast_pkts{nic="emoel0",type="vnic",gz="baremetal",ngz="emoel"} 474730
solmex_node_net_tx_broadcast_pkts{nic="emoel2",type="vnic",gz="baremetal",ngz="emoel"} 40238
solmex_node_net_tx_broadcast_pkts{nic="homes0",type="vnic",gz="baremetal",ngz="homes"} 453754
solmex_node_net_tx_broadcast_pkts{nic="emoel1",type="vnic",gz="baremetal",ngz="emoel"} 437058
solmex_node_net_tx_broadcast_pkts{nic="archive3",type="vnic",gz="baremetal",ngz="archive"} 437044
solmex_node_net_tx_broadcast_pkts{nic="homes3",type="vnic",gz="baremetal",ngz="homes"} 437065
solmex_node_net_rx_multicast_bytes{nic="baremetal3",type="vnic",gz="baremetal"} 0
solmex_node_net_rx_multicast_bytes{nic="baremetal0",type="vnic",gz="baremetal"} 0
solmex_node_net_rx_multicast_bytes{nic="archive0",type="vnic",gz="baremetal",ngz="archive"} 0
solmex_node_net_rx_multicast_bytes{nic="srepo0",type="vnic",gz="baremetal",ngz="srepo"} 0
solmex_node_net_rx_multicast_bytes{nic="edogs0",type="vnic",gz="baremetal",ngz="edogs"} 0
solmex_node_net_rx_multicast_bytes{nic="bloatware0",type="vnic",gz="baremetal",ngz="bloatware"} 0
solmex_node_net_rx_multicast_bytes{nic="dev-i386_0",type="vnic",gz="baremetal",ngz="dev-i386"} 0
solmex_node_net_rx_multicast_bytes{nic="emoel0",type="vnic",gz="baremetal",ngz="emoel"} 0
solmex_node_net_rx_multicast_bytes{nic="emoel2",type="vnic",gz="baremetal",ngz="emoel"} 0
solmex_node_net_rx_multicast_bytes{nic="homes0",type="vnic",gz="baremetal",ngz="homes"} 0
solmex_node_net_rx_multicast_bytes{nic="emoel1",type="vnic",gz="baremetal",ngz="emoel"} 0
solmex_node_net_rx_multicast_bytes{nic="archive3",type="vnic",gz="baremetal",ngz="archive"} 6124512
solmex_node_net_rx_multicast_bytes{nic="homes3",type="vnic",gz="baremetal",ngz="homes"} 6124448
solmex_node_net_rx_multicast_pkts{nic="baremetal3",type="vnic",gz="baremetal"} 0
solmex_node_net_rx_multicast_pkts{nic="baremetal0",type="vnic",gz="baremetal"} 0
solmex_node_net_rx_multicast_pkts{nic="archive0",type="vnic",gz="baremetal",ngz="archive"} 0
solmex_node_net_rx_multicast_pkts{nic="srepo0",type="vnic",gz="baremetal",ngz="srepo"} 0
solmex_node_net_rx_multicast_pkts{nic="edogs0",type="vnic",gz="baremetal",ngz="edogs"} 0
solmex_node_net_rx_multicast_pkts{nic="bloatware0",type="vnic",gz="baremetal",ngz="bloatware"} 0
solmex_node_net_rx_multicast_pkts{nic="dev-i386_0",type="vnic",gz="baremetal",ngz="dev-i386"} 0
solmex_node_net_rx_multicast_pkts{nic="emoel0",type="vnic",gz="baremetal",ngz="emoel"} 0
solmex_node_net_rx_multicast_pkts{nic="emoel2",type="vnic",gz="baremetal",ngz="emoel"} 0
solmex_node_net_rx_multicast_pkts{nic="homes0",type="vnic",gz="baremetal",ngz="homes"} 0
solmex_node_net_rx_multicast_pkts{nic="emoel1",type="vnic",gz="baremetal",ngz="emoel"} 0
solmex_node_net_rx_multicast_pkts{nic="archive3",type="vnic",gz="baremetal",ngz="archive"} 95502
solmex_node_net_rx_multicast_pkts{nic="homes3",type="vnic",gz="baremetal",ngz="homes"} 95501
solmex_node_net_tx_multicast_bytes{nic="baremetal3",type="vnic",gz="baremetal"} 0
solmex_node_net_tx_multicast_bytes{nic="baremetal0",type="vnic",gz="baremetal"} 0
solmex_node_net_tx_multicast_bytes{nic="archive0",type="vnic",gz="baremetal",ngz="archive"} 0
solmex_node_net_tx_multicast_bytes{nic="srepo0",type="vnic",gz="baremetal",ngz="srepo"} 0
solmex_node_net_tx_multicast_bytes{nic="edogs0",type="vnic",gz="baremetal",ngz="edogs"} 0
solmex_node_net_tx_multicast_bytes{nic="bloatware0",type="vnic",gz="baremetal",ngz="bloatware"} 0
solmex_node_net_tx_multicast_bytes{nic="dev-i386_0",type="vnic",gz="baremetal",ngz="dev-i386"} 0
solmex_node_net_tx_multicast_bytes{nic="emoel0",type="vnic",gz="baremetal",ngz="emoel"} 0
solmex_node_net_tx_multicast_bytes{nic="emoel2",type="vnic",gz="baremetal",ngz="emoel"} 0
solmex_node_net_tx_multicast_bytes{nic="homes0",type="vnic",gz="baremetal",ngz="homes"} 0
solmex_node_net_tx_multicast_bytes{nic="emoel1",type="vnic",gz="baremetal",ngz="emoel"} 0
solmex_node_net_tx_multicast_bytes{nic="archive3",type="vnic",gz="baremetal",ngz="archive"} 0
solmex_node_net_tx_multicast_bytes{nic="homes3",type="vnic",gz="baremetal",ngz="homes"} 0
solmex_node_net_tx_multicast_pkts{nic="baremetal3",type="vnic",gz="baremetal"} 0
solmex_node_net_tx_multicast_pkts{nic="baremetal0",type="vnic",gz="baremetal"} 0
solmex_node_net_tx_multicast_pkts{nic="archive0",type="vnic",gz="baremetal",ngz="archive"} 0
solmex_node_net_tx_multicast_pkts{nic="srepo0",type="vnic",gz="baremetal",ngz="srepo"} 0
solmex_node_net_tx_multicast_pkts{nic="edogs0",type="vnic",gz="baremetal",ngz="edogs"} 0
solmex_node_net_tx_multicast_pkts{nic="bloatware0",type="vnic",gz="baremetal",ngz="bloatware"} 0
solmex_node_net_tx_multicast_pkts{nic="dev-i386_0",type="vnic",gz="baremetal",ngz="dev-i386"} 0
solmex_node_net_tx_multicast_pkts{nic="emoel0",type="vnic",gz="baremetal",ngz="emoel"} 0
solmex_node_net_tx_multicast_pkts{nic="emoel2",type="vnic",gz="baremetal",ngz="emoel"} 0
solmex_node_net_tx_multicast_pkts{nic="homes0",type="vnic",gz="baremetal",ngz="homes"} 0
solmex_node_net_tx_multicast_pkts{nic="emoel1",type="vnic",gz="baremetal",ngz="emoel"} 0
solmex_node_net_tx_multicast_pkts{nic="archive3",type="vnic",gz="baremetal",ngz="archive"} 0
solmex_node_net_tx_multicast_pkts{nic="homes3",type="vnic",gz="baremetal",ngz="homes"} 0
solmex_node_net_rx_drop_bytes{nic="baremetal3",type="vnic",gz="baremetal"} 0
solmex_node_net_rx_drop_bytes{nic="baremetal0",type="vnic",gz="baremetal"} 0
solmex_node_net_rx_drop_bytes{nic="archive0",type="vnic",gz="baremetal",ngz="archive"} 0
solmex_node_net_rx_drop_bytes{nic="srepo0",type="vnic",gz="baremetal",ngz="srepo"} 0
solmex_node_net_rx_drop_bytes{nic="edogs0",type="vnic",gz="baremetal",ngz="edogs"} 0
solmex_node_net_rx_drop_bytes{nic="bloatware0",type="vnic",gz="baremetal",ngz="bloatware"} 0
solmex_node_net_rx_drop_bytes{nic="dev-i386_0",type="vnic",gz="baremetal",ngz="dev-i386"} 0
solmex_node_net_rx_drop_bytes{nic="emoel0",type="vnic",gz="baremetal",ngz="emoel"} 0
solmex_node_net_rx_drop_bytes{nic="emoel2",type="vnic",gz="baremetal",ngz="emoel"} 0
solmex_node_net_rx_drop_bytes{nic="homes0",type="vnic",gz="baremetal",ngz="homes"} 0
solmex_node_net_rx_drop_bytes{nic="emoel1",type="vnic",gz="baremetal",ngz="emoel"} 0
solmex_node_net_rx_drop_bytes{nic="archive3",type="vnic",gz="baremetal",ngz="archive"} 0
solmex_node_net_rx_drop_bytes{nic="homes3",type="vnic",gz="baremetal",ngz="homes"} 0
solmex_node_net_rx_drop_pkts{nic="baremetal3",type="vnic",gz="baremetal"} 0
solmex_node_net_rx_drop_pkts{nic="baremetal0",type="vnic",gz="baremetal"} 0
solmex_node_net_rx_drop_pkts{nic="archive0",type="vnic",gz="baremetal",ngz="archive"} 0
solmex_node_net_rx_drop_pkts{nic="srepo0",type="vnic",gz="baremetal",ngz="srepo"} 0
solmex_node_net_rx_drop_pkts{nic="edogs0",type="vnic",gz="baremetal",ngz="edogs"} 0
solmex_node_net_rx_drop_pkts{nic="bloatware0",type="vnic",gz="baremetal",ngz="bloatware"} 0
solmex_node_net_rx_drop_pkts{nic="dev-i386_0",type="vnic",gz="baremetal",ngz="dev-i386"} 0
solmex_node_net_rx_drop_pkts{nic="emoel0",type="vnic",gz="baremetal",ngz="emoel"} 0
solmex_node_net_rx_drop_pkts{nic="emoel2",type="vnic",gz="baremetal",ngz="emoel"} 0
solmex_node_net_rx_drop_pkts{nic="homes0",type="vnic",gz="baremetal",ngz="homes"} 0
solmex_node_net_rx_drop_pkts{nic="emoel1",type="vnic",gz="baremetal",ngz="emoel"} 0
solmex_node_net_rx_drop_pkts{nic="archive3",type="vnic",gz="baremetal",ngz="archive"} 0
solmex_node_net_rx_drop_pkts{nic="homes3",type="vnic",gz="baremetal",ngz="homes"} 0
solmex_node_net_tx_drop_bytes{nic="baremetal3",type="vnic",gz="baremetal"} 0
solmex_node_net_tx_drop_bytes{nic="baremetal0",type="vnic",gz="baremetal"} 7168
solmex_node_net_tx_drop_bytes{nic="archive0",type="vnic",gz="baremetal",ngz="archive"} 31210
solmex_node_net_tx_drop_bytes{nic="srepo0",type="vnic",gz="baremetal",ngz="srepo"} 184
solmex_node_net_tx_drop_bytes{nic="edogs0",type="vnic",gz="baremetal",ngz="edogs"} 1420
solmex_node_net_tx_drop_bytes{nic="bloatware0",type="vnic",gz="baremetal",ngz="bloatware"} 184
solmex_node_net_tx_drop_bytes{nic="dev-i386_0",type="vnic",gz="baremetal",ngz="dev-i386"} 184
solmex_node_net_tx_drop_bytes{nic="emoel0",type="vnic",gz="baremetal",ngz="emoel"} 39514
solmex_node_net_tx_drop_bytes{nic="emoel2",type="vnic",gz="baremetal",ngz="emoel"} 0
solmex_node_net_tx_drop_bytes{nic="homes0",type="vnic",gz="baremetal",ngz="homes"} 45918
solmex_node_net_tx_drop_bytes{nic="emoel1",type="vnic",gz="baremetal",ngz="emoel"} 184
solmex_node_net_tx_drop_bytes{nic="archive3",type="vnic",gz="baremetal",ngz="archive"} 184
solmex_node_net_tx_drop_bytes{nic="homes3",type="vnic",gz="baremetal",ngz="homes"} 184
solmex_node_net_tx_drop_pkts{nic="baremetal3",type="vnic",gz="baremetal"} 0
solmex_node_net_tx_drop_pkts{nic="baremetal0",type="vnic",gz="baremetal"} 108
solmex_node_net_tx_drop_pkts{nic="archive0",type="vnic",gz="baremetal",ngz="archive"} 696
solmex_node_net_tx_drop_pkts{nic="srepo0",type="vnic",gz="baremetal",ngz="srepo"} 4
solmex_node_net_tx_drop_pkts{nic="edogs0",type="vnic",gz="baremetal",ngz="edogs"} 28
solmex_node_net_tx_drop_pkts{nic="bloatware0",type="vnic",gz="baremetal",ngz="bloatware"} 4
solmex_node_net_tx_drop_pkts{nic="dev-i386_0",type="vnic",gz="baremetal",ngz="dev-i386"} 4
solmex_node_net_tx_drop_pkts{nic="emoel0",type="vnic",gz="baremetal",ngz="emoel"} 881
solmex_node_net_tx_drop_pkts{nic="emoel2",type="vnic",gz="baremetal",ngz="emoel"} 0
solmex_node_net_tx_drop_pkts{nic="homes0",type="vnic",gz="baremetal",ngz="homes"} 701
solmex_node_net_tx_drop_pkts{nic="emoel1",type="vnic",gz="baremetal",ngz="emoel"} 4
solmex_node_net_tx_drop_pkts{nic="archive3",type="vnic",gz="baremetal",ngz="archive"} 4
solmex_node_net_tx_drop_pkts{nic="homes3",type="vnic",gz="baremetal",ngz="homes"} 4
solmex_node_net_tx_block_pkts{nic="baremetal3",type="vnic",gz="baremetal"} 0
solmex_node_net_tx_block_pkts{nic="baremetal0",type="vnic",gz="baremetal"} 0
solmex_node_net_tx_block_pkts{nic="archive0",type="vnic",gz="baremetal",ngz="archive"} 0
solmex_node_net_tx_block_pkts{nic="srepo0",type="vnic",gz="baremetal",ngz="srepo"} 0
solmex_node_net_tx_block_pkts{nic="edogs0",type="vnic",gz="baremetal",ngz="edogs"} 0
solmex_node_net_tx_block_pkts{nic="bloatware0",type="vnic",gz="baremetal",ngz="bloatware"} 0
solmex_node_net_tx_block_pkts{nic="dev-i386_0",type="vnic",gz="baremetal",ngz="dev-i386"} 0
solmex_node_net_tx_block_pkts{nic="emoel0",type="vnic",gz="baremetal",ngz="emoel"} 0
solmex_node_net_tx_block_pkts{nic="emoel2",type="vnic",gz="baremetal",ngz="emoel"} 0
solmex_node_net_tx_block_pkts{nic="homes0",type="vnic",gz="baremetal",ngz="homes"} 0
solmex_node_net_tx_block_pkts{nic="emoel1",type="vnic",gz="baremetal",ngz="emoel"} 0
solmex_node_net_tx_block_pkts{nic="archive3",type="vnic",gz="baremetal",ngz="archive"} 0
solmex_node_net_tx_block_pkts{nic="homes3",type="vnic",gz="baremetal",ngz="homes"} 0
solmex_node_net_tx_unblock_calls{nic="baremetal3",type="vnic",gz="baremetal"} 0
solmex_node_net_tx_unblock_calls{nic="baremetal0",type="vnic",gz="baremetal"} 0
solmex_node_net_tx_unblock_calls{nic="archive0",type="vnic",gz="baremetal",ngz="archive"} 0
solmex_node_net_tx_unblock_calls{nic="srepo0",type="vnic",gz="baremetal",ngz="srepo"} 0
solmex_node_net_tx_unblock_calls{nic="edogs0",type="vnic",gz="baremetal",ngz="edogs"} 0
solmex_node_net_tx_unblock_calls{nic="bloatware0",type="vnic",gz="baremetal",ngz="bloatware"} 0
solmex_node_net_tx_unblock_calls{nic="dev-i386_0",type="vnic",gz="baremetal",ngz="dev-i386"} 0
solmex_node_net_tx_unblock_calls{nic="emoel0",type="vnic",gz="baremetal",ngz="emoel"} 0
solmex_node_net_tx_unblock_calls{nic="emoel2",type="vnic",gz="baremetal",ngz="emoel"} 0
solmex_node_net_tx_unblock_calls{nic="homes0",type="vnic",gz="baremetal",ngz="homes"} 0
solmex_node_net_tx_unblock_calls{nic="emoel1",type="vnic",gz="baremetal",ngz="emoel"} 0
solmex_node_net_tx_unblock_calls{nic="archive3",type="vnic",gz="baremetal",ngz="archive"} 0
solmex_node_net_tx_unblock_calls{nic="homes3",type="vnic",gz="baremetal",ngz="homes"} 0
solmex_node_net_tx_error_pkts{nic="baremetal3",type="vnic",gz="baremetal"} 0
solmex_node_net_tx_error_pkts{nic="baremetal0",type="vnic",gz="baremetal"} 0
solmex_node_net_tx_error_pkts{nic="archive0",type="vnic",gz="baremetal",ngz="archive"} 0
solmex_node_net_tx_error_pkts{nic="srepo0",type="vnic",gz="baremetal",ngz="srepo"} 0
solmex_node_net_tx_error_pkts{nic="edogs0",type="vnic",gz="baremetal",ngz="edogs"} 0
solmex_node_net_tx_error_pkts{nic="bloatware0",type="vnic",gz="baremetal",ngz="bloatware"} 0
solmex_node_net_tx_error_pkts{nic="dev-i386_0",type="vnic",gz="baremetal",ngz="dev-i386"} 0
solmex_node_net_tx_error_pkts{nic="emoel0",type="vnic",gz="baremetal",ngz="emoel"} 0
solmex_node_net_tx_error_pkts{nic="emoel2",type="vnic",gz="baremetal",ngz="emoel"} 0
solmex_node_net_tx_error_pkts{nic="homes0",type="vnic",gz="baremetal",ngz="homes"} 0
solmex_node_net_tx_error_pkts{nic="emoel1",type="vnic",gz="baremetal",ngz="emoel"} 0
solmex_node_net_tx_error_pkts{nic="archive3",type="vnic",gz="baremetal",ngz="archive"} 0
solmex_node_net_tx_error_pkts{nic="homes3",type="vnic",gz="baremetal",ngz="homes"} 0
solmex_node_net_tx_misc_error_pkts{nic="baremetal3",type="vnic",gz="baremetal"} 0
solmex_node_net_tx_misc_error_pkts{nic="baremetal0",type="vnic",gz="baremetal"} 0
solmex_node_net_tx_misc_error_pkts{nic="archive0",type="vnic",gz="baremetal",ngz="archive"} 0
solmex_node_net_tx_misc_error_pkts{nic="srepo0",type="vnic",gz="baremetal",ngz="srepo"} 0
solmex_node_net_tx_misc_error_pkts{nic="edogs0",type="vnic",gz="baremetal",ngz="edogs"} 0
solmex_node_net_tx_misc_error_pkts{nic="bloatware0",type="vnic",gz="baremetal",ngz="bloatware"} 0
solmex_node_net_tx_misc_error_pkts{nic="dev-i386_0",type="vnic",gz="baremetal",ngz="dev-i386"} 0
solmex_node_net_tx_misc_error_pkts{nic="emoel0",type="vnic",gz="baremetal",ngz="emoel"} 0
solmex_node_net_tx_misc_error_pkts{nic="emoel2",type="vnic",gz="baremetal",ngz="emoel"} 0
solmex_node_net_tx_misc_error_pkts{nic="homes0",type="vnic",gz="baremetal",ngz="homes"} 0
solmex_node_net_tx_misc_error_pkts{nic="emoel1",type="vnic",gz="baremetal",ngz="emoel"} 0
solmex_node_net_tx_misc_error_pkts{nic="archive3",type="vnic",gz="baremetal",ngz="archive"} 0
solmex_node_net_tx_misc_error_pkts{nic="homes3",type="vnic",gz="baremetal",ngz="homes"} 0

solmex_node_netstat_Ip_ForwDatagrams 0
solmex_node_netstat_Ip_ForwProhibits 0
solmex_node_netstat_Ip_FragCreates 0
solmex_node_netstat_Ip_FragOKs 0
solmex_node_netstat_Ip_InAddrErrors 9089252
solmex_node_netstat_Ip_InCksumErrs 0
solmex_node_netstat_Ip_InDelivers 24458486
solmex_node_netstat_Ip_InDiscards 650
solmex_node_netstat_Ip_InErrs 0
solmex_node_netstat_Ip_InHdrErrors 0
solmex_node_netstat_Ip_InIPv6 0
solmex_node_netstat_Ip_InReceives 33383381
solmex_node_netstat_Ip_InUnknownProtos 0
solmex_node_netstat_Ip_IpsecInFailed 0
solmex_node_netstat_Ip_IpsecInSucceeded 0
solmex_node_netstat_Ip_NoPorts 83
solmex_node_netstat_Ip_OutDiscards 2
solmex_node_netstat_Ip_OutRequests 28772514
solmex_node_netstat_Ip_RawipInOverflows 0
solmex_node_netstat_Ip_ReasmFails 0
solmex_node_netstat_Ip_ReasmOKs 0
solmex_node_netstat_Ip_ReasmReqds 0
solmex_node_netstat_Ip_UdpInCksumErrs 0
solmex_node_netstat_Ip_UdpInOverflows 0
solmex_node_netstat_Icmp_InBadRedirects 0
solmex_node_netstat_Icmp_InChksumErrs 0
solmex_node_netstat_Icmp_InDestUnreachs 394
solmex_node_netstat_Icmp_InEchoReps 3
solmex_node_netstat_Icmp_InEchos 825317
solmex_node_netstat_Icmp_InErrors 0
solmex_node_netstat_Icmp_InFragNeeded 0
solmex_node_netstat_Icmp_InMsgs 825970
solmex_node_netstat_Icmp_InParmProbs 0
solmex_node_netstat_Icmp_InRedirects 0
solmex_node_netstat_Icmp_InTimeExcds 256
solmex_node_netstat_Icmp_InUnknowns 0
solmex_node_netstat_Icmp_OutDestUnreachs 1
solmex_node_netstat_Icmp_OutDrops 0
solmex_node_netstat_Icmp_OutEchoReps 825317
solmex_node_netstat_Icmp_OutEchos 0
solmex_node_netstat_Icmp_OutErrors 0
solmex_node_netstat_Icmp_OutFragNeeded 0
solmex_node_netstat_Icmp_OutMsgs 825321
solmex_node_netstat_Icmp_OutParmProbs 0
solmex_node_netstat_Icmp_OutRedirects 0
solmex_node_netstat_Icmp_OutTimeExcds 0
solmex_node_netstat_Udp_InDatagrams 382638
solmex_node_netstat_Udp_InErrors 0
solmex_node_netstat_Udp_OutDatagrams 18686
solmex_node_netstat_Udp_OutErrors 0
solmex_node_netstat_Tcp_ActiveOpens 425545
solmex_node_netstat_Tcp_AttemptFails 32293
solmex_node_netstat_Tcp_CurrEstab 19
solmex_node_netstat_Tcp_EstabResets 3283
solmex_node_netstat_Tcp_HalfOpenDrop 0
solmex_node_netstat_Tcp_InAckSegs 0
solmex_node_netstat_Tcp_InAckUnsent 0
solmex_node_netstat_Tcp_InClosed 22
solmex_node_netstat_Tcp_InDataPastWinSegs 0
solmex_node_netstat_Tcp_InDupAck 412088
solmex_node_netstat_Tcp_InSegs 81214180
solmex_node_netstat_Tcp_ListenDrop 0
solmex_node_netstat_Tcp_ListenDropQ0 0
solmex_node_netstat_Tcp_OutRsts 20796
solmex_node_netstat_Tcp_OutSegs 77203831
solmex_node_netstat_Tcp_OutUrg 0
solmex_node_netstat_Tcp_PassiveOpens 32386
solmex_node_netstat_Tcp_RetransSegs 182
solmex_node_netstat_Tcp_TimRetrans 35
solmex_node_netstat_Tcp_TimRetransDrop 0

solmex_node_fs_nfs4{ngz="emoel",op="open"} 84667
solmex_node_fs_nfs4{ngz="emoel",op="close"} 117288
solmex_node_fs_nfs4{ngz="emoel",op="read"} 2029520
solmex_node_fs_nfs4{ngz="emoel",op="read_bytes"} 16114883846
solmex_node_fs_nfs4{ngz="emoel",op="write"} 282661
solmex_node_fs_nfs4{ngz="emoel",op="write_bytes"} 404072357
solmex_node_fs_nfs4{ngz="emoel",op="ioctl"} 35431
solmex_node_fs_nfs4{ngz="emoel",op="setfl"} 0
solmex_node_fs_nfs4{ngz="emoel",op="getattr"} 855350
solmex_node_fs_nfs4{ngz="emoel",op="setattr"} 22428
solmex_node_fs_nfs4{ngz="emoel",op="access"} 181592
solmex_node_fs_nfs4{ngz="emoel",op="lookup"} 1547465
solmex_node_fs_nfs4{ngz="emoel",op="create"} 24310
solmex_node_fs_nfs4{ngz="emoel",op="remove"} 15122
solmex_node_fs_nfs4{ngz="emoel",op="link"} 7221
solmex_node_fs_nfs4{ngz="emoel",op="rename"} 269
solmex_node_fs_nfs4{ngz="emoel",op="mkdir"} 0
solmex_node_fs_nfs4{ngz="emoel",op="rmdir"} 0
solmex_node_fs_nfs4{ngz="emoel",op="readdir"} 3703
solmex_node_fs_nfs4{ngz="emoel",op="readdir_bytes"} 4714680
solmex_node_fs_nfs4{ngz="emoel",op="symlink"} 0
solmex_node_fs_nfs4{ngz="emoel",op="readlink"} 6061
solmex_node_fs_nfs4{ngz="emoel",op="fsync"} 11636
solmex_node_fs_nfs4{ngz="emoel",op="inactive"} 104696
solmex_node_fs_nfs4{ngz="emoel",op="fid"} 0
solmex_node_fs_nfs4{ngz="emoel",op="rwlock"} 2315887
solmex_node_fs_nfs4{ngz="emoel",op="rwunlock"} 2315887
solmex_node_fs_nfs4{ngz="emoel",op="seek"} 32678
solmex_node_fs_nfs4{ngz="emoel",op="cmp"} 68592
solmex_node_fs_nfs4{ngz="emoel",op="frlock"} 18428
solmex_node_fs_nfs4{ngz="emoel",op="space"} 14
solmex_node_fs_nfs4{ngz="emoel",op="realvp"} 112586
solmex_node_fs_nfs4{ngz="emoel",op="getpage"} 904283
solmex_node_fs_nfs4{ngz="emoel",op="putpage"} 30779
solmex_node_fs_nfs4{ngz="emoel",op="map"} 0
solmex_node_fs_nfs4{ngz="emoel",op="addmap"} 0
solmex_node_fs_nfs4{ngz="emoel",op="delmap"} 0
solmex_node_fs_nfs4{ngz="emoel",op="poll"} 0
solmex_node_fs_nfs4{ngz="emoel",op="dump"} 0
solmex_node_fs_nfs4{ngz="emoel",op="pathconf"} 9972
solmex_node_fs_nfs4{ngz="emoel",op="pageio"} 0
solmex_node_fs_nfs4{ngz="emoel",op="dumpctl"} 0
solmex_node_fs_nfs4{ngz="emoel",op="dispose"} 2645028
solmex_node_fs_nfs4{ngz="emoel",op="setsecattr"} 3
solmex_node_fs_nfs4{ngz="emoel",op="getsecattr"} 24475
solmex_node_fs_nfs4{ngz="emoel",op="shrlock"} 0
solmex_node_fs_nfs4{ngz="emoel",op="vnevent"} 0
solmex_node_fs_nfs4{ngz="emoel",op="reqzcbuf"} 0
solmex_node_fs_nfs4{ngz="emoel",op="retzcbuf"} 0
solmex_node_fs_nfs4{ngz="emoel",op="realvfs"} 2796665
solmex_node_fs_nfs4{ngz="homes",op="open"} 377
solmex_node_fs_nfs4{ngz="homes",op="close"} 386
solmex_node_fs_nfs4{ngz="homes",op="read"} 45
solmex_node_fs_nfs4{ngz="homes",op="read_bytes"} 16114
solmex_node_fs_nfs4{ngz="homes",op="write"} 0
solmex_node_fs_nfs4{ngz="homes",op="write_bytes"} 0
solmex_node_fs_nfs4{ngz="homes",op="ioctl"} 1
solmex_node_fs_nfs4{ngz="homes",op="setfl"} 0
solmex_node_fs_nfs4{ngz="homes",op="getattr"} 520
solmex_node_fs_nfs4{ngz="homes",op="setattr"} 0
solmex_node_fs_nfs4{ngz="homes",op="access"} 433
solmex_node_fs_nfs4{ngz="homes",op="lookup"} 15373
solmex_node_fs_nfs4{ngz="homes",op="create"} 0
solmex_node_fs_nfs4{ngz="homes",op="remove"} 0
solmex_node_fs_nfs4{ngz="homes",op="link"} 0
solmex_node_fs_nfs4{ngz="homes",op="rename"} 0
solmex_node_fs_nfs4{ngz="homes",op="mkdir"} 0
solmex_node_fs_nfs4{ngz="homes",op="rmdir"} 0
solmex_node_fs_nfs4{ngz="homes",op="readdir"} 906
solmex_node_fs_nfs4{ngz="homes",op="readdir_bytes"} 2158520
solmex_node_fs_nfs4{ngz="homes",op="symlink"} 0
solmex_node_fs_nfs4{ngz="homes",op="readlink"} 382
solmex_node_fs_nfs4{ngz="homes",op="fsync"} 0
solmex_node_fs_nfs4{ngz="homes",op="inactive"} 4334
solmex_node_fs_nfs4{ngz="homes",op="fid"} 0
solmex_node_fs_nfs4{ngz="homes",op="rwlock"} 951
solmex_node_fs_nfs4{ngz="homes",op="rwunlock"} 951
solmex_node_fs_nfs4{ngz="homes",op="seek"} 9
solmex_node_fs_nfs4{ngz="homes",op="cmp"} 8
solmex_node_fs_nfs4{ngz="homes",op="frlock"} 0
solmex_node_fs_nfs4{ngz="homes",op="space"} 0
solmex_node_fs_nfs4{ngz="homes",op="realvp"} 16
solmex_node_fs_nfs4{ngz="homes",op="getpage"} 93
solmex_node_fs_nfs4{ngz="homes",op="putpage"} 0
solmex_node_fs_nfs4{ngz="homes",op="map"} 14
solmex_node_fs_nfs4{ngz="homes",op="addmap"} 14
solmex_node_fs_nfs4{ngz="homes",op="delmap"} 28
solmex_node_fs_nfs4{ngz="homes",op="poll"} 0
solmex_node_fs_nfs4{ngz="homes",op="dump"} 0
solmex_node_fs_nfs4{ngz="homes",op="pathconf"} 0
solmex_node_fs_nfs4{ngz="homes",op="pageio"} 0
solmex_node_fs_nfs4{ngz="homes",op="dumpctl"} 0
solmex_node_fs_nfs4{ngz="homes",op="dispose"} 262
solmex_node_fs_nfs4{ngz="homes",op="setsecattr"} 0
solmex_node_fs_nfs4{ngz="homes",op="getsecattr"} 0
solmex_node_fs_nfs4{ngz="homes",op="shrlock"} 0
solmex_node_fs_nfs4{ngz="homes",op="vnevent"} 0
solmex_node_fs_nfs4{ngz="homes",op="reqzcbuf"} 0
solmex_node_fs_nfs4{ngz="homes",op="retzcbuf"} 0
solmex_node_fs_nfs4{ngz="homes",op="realvfs"} 41374
solmex_node_fs_zfs{ngz="global",op="open"} 23412581
solmex_node_fs_zfs{ngz="global",op="close"} 23536626
solmex_node_fs_zfs{ngz="global",op="read"} 37376681
solmex_node_fs_zfs{ngz="global",op="read_bytes"} 32462470183
solmex_node_fs_zfs{ngz="global",op="write"} 6110209
solmex_node_fs_zfs{ngz="global",op="write_bytes"} 18367112159
solmex_node_fs_zfs{ngz="global",op="ioctl"} 386416
solmex_node_fs_zfs{ngz="global",op="setfl"} 125233
solmex_node_fs_zfs{ngz="global",op="getattr"} 82404238
solmex_node_fs_zfs{ngz="global",op="setattr"} 9191
solmex_node_fs_zfs{ngz="global",op="access"} 54173725
solmex_node_fs_zfs{ngz="global",op="lookup"} 597124464
solmex_node_fs_zfs{ngz="global",op="create"} 76289
solmex_node_fs_zfs{ngz="global",op="remove"} 2129
solmex_node_fs_zfs{ngz="global",op="link"} 2
solmex_node_fs_zfs{ngz="global",op="rename"} 4280
solmex_node_fs_zfs{ngz="global",op="mkdir"} 246
solmex_node_fs_zfs{ngz="global",op="rmdir"} 131
solmex_node_fs_zfs{ngz="global",op="readdir"} 11425386
solmex_node_fs_zfs{ngz="global",op="readdir_bytes"} 1140907296
solmex_node_fs_zfs{ngz="global",op="symlink"} 755
solmex_node_fs_zfs{ngz="global",op="readlink"} 3359569
solmex_node_fs_zfs{ngz="global",op="fsync"} 128338
solmex_node_fs_zfs{ngz="global",op="inactive"} 329217
solmex_node_fs_zfs{ngz="global",op="fid"} 0
solmex_node_fs_zfs{ngz="global",op="rwlock"} 54887370
solmex_node_fs_zfs{ngz="global",op="rwunlock"} 54887588
solmex_node_fs_zfs{ngz="global",op="seek"} 596414
solmex_node_fs_zfs{ngz="global",op="cmp"} 114827636
solmex_node_fs_zfs{ngz="global",op="frlock"} 62512
solmex_node_fs_zfs{ngz="global",op="space"} 110
solmex_node_fs_zfs{ngz="global",op="realvp"} 369150
solmex_node_fs_zfs{ngz="global",op="getpage"} 303752625
solmex_node_fs_zfs{ngz="global",op="putpage"} 40
solmex_node_fs_zfs{ngz="global",op="map"} 34349916
solmex_node_fs_zfs{ngz="global",op="addmap"} 38354758
solmex_node_fs_zfs{ngz="global",op="delmap"} 38353265
solmex_node_fs_zfs{ngz="global",op="poll"} 250116
solmex_node_fs_zfs{ngz="global",op="dump"} 0
solmex_node_fs_zfs{ngz="global",op="pathconf"} 5114
solmex_node_fs_zfs{ngz="global",op="pageio"} 0
solmex_node_fs_zfs{ngz="global",op="dumpctl"} 0
solmex_node_fs_zfs{ngz="global",op="dispose"} 148503245
solmex_node_fs_zfs{ngz="global",op="setsecattr"} 210
solmex_node_fs_zfs{ngz="global",op="getsecattr"} 85341
solmex_node_fs_zfs{ngz="global",op="shrlock"} 0
solmex_node_fs_zfs{ngz="global",op="vnevent"} 8
solmex_node_fs_zfs{ngz="global",op="reqzcbuf"} 0
solmex_node_fs_zfs{ngz="global",op="retzcbuf"} 0
solmex_node_fs_zfs{ngz="global",op="realvfs"} 16884657
solmex_node_fs_zfs{ngz="dev-i386",op="open"} 9587887
solmex_node_fs_zfs{ngz="dev-i386",op="close"} 9721820
solmex_node_fs_zfs{ngz="dev-i386",op="read"} 5374473
solmex_node_fs_zfs{ngz="dev-i386",op="read_bytes"} 9529626630
solmex_node_fs_zfs{ngz="dev-i386",op="write"} 2275524
solmex_node_fs_zfs{ngz="dev-i386",op="write_bytes"} 4661937552
solmex_node_fs_zfs{ngz="dev-i386",op="ioctl"} 711261
solmex_node_fs_zfs{ngz="dev-i386",op="setfl"} 0
solmex_node_fs_zfs{ngz="dev-i386",op="getattr"} 61711654
solmex_node_fs_zfs{ngz="dev-i386",op="setattr"} 11911849
solmex_node_fs_zfs{ngz="dev-i386",op="access"} 10156724
solmex_node_fs_zfs{ngz="dev-i386",op="lookup"} 243932405
solmex_node_fs_zfs{ngz="dev-i386",op="create"} 432088
solmex_node_fs_zfs{ngz="dev-i386",op="remove"} 195464
solmex_node_fs_zfs{ngz="dev-i386",op="link"} 0
solmex_node_fs_zfs{ngz="dev-i386",op="rename"} 195556
solmex_node_fs_zfs{ngz="dev-i386",op="mkdir"} 7
solmex_node_fs_zfs{ngz="dev-i386",op="rmdir"} 7
solmex_node_fs_zfs{ngz="dev-i386",op="readdir"} 554912
solmex_node_fs_zfs{ngz="dev-i386",op="readdir_bytes"} 1338395232
solmex_node_fs_zfs{ngz="dev-i386",op="symlink"} 4
solmex_node_fs_zfs{ngz="dev-i386",op="readlink"} 15198616
solmex_node_fs_zfs{ngz="dev-i386",op="fsync"} 523
solmex_node_fs_zfs{ngz="dev-i386",op="inactive"} 3378206
solmex_node_fs_zfs{ngz="dev-i386",op="fid"} 0
solmex_node_fs_zfs{ngz="dev-i386",op="rwlock"} 8205261
solmex_node_fs_zfs{ngz="dev-i386",op="rwunlock"} 8205261
solmex_node_fs_zfs{ngz="dev-i386",op="seek"} 61858
solmex_node_fs_zfs{ngz="dev-i386",op="cmp"} 37777345
solmex_node_fs_zfs{ngz="dev-i386",op="frlock"} 8197
solmex_node_fs_zfs{ngz="dev-i386",op="space"} 2
solmex_node_fs_zfs{ngz="dev-i386",op="realvp"} 2669133
solmex_node_fs_zfs{ngz="dev-i386",op="getpage"} 139810388
solmex_node_fs_zfs{ngz="dev-i386",op="putpage"} 0
solmex_node_fs_zfs{ngz="dev-i386",op="map"} 22139732
solmex_node_fs_zfs{ngz="dev-i386",op="addmap"} 26256724
solmex_node_fs_zfs{ngz="dev-i386",op="delmap"} 26451338
solmex_node_fs_zfs{ngz="dev-i386",op="poll"} 39744
solmex_node_fs_zfs{ngz="dev-i386",op="dump"} 0
solmex_node_fs_zfs{ngz="dev-i386",op="pathconf"} 1508
solmex_node_fs_zfs{ngz="dev-i386",op="pageio"} 0
solmex_node_fs_zfs{ngz="dev-i386",op="dumpctl"} 0
solmex_node_fs_zfs{ngz="dev-i386",op="dispose"} 59662010
solmex_node_fs_zfs{ngz="dev-i386",op="setsecattr"} 2
solmex_node_fs_zfs{ngz="dev-i386",op="getsecattr"} 433361
solmex_node_fs_zfs{ngz="dev-i386",op="shrlock"} 0
solmex_node_fs_zfs{ngz="dev-i386",op="vnevent"} 0
solmex_node_fs_zfs{ngz="dev-i386",op="reqzcbuf"} 0
solmex_node_fs_zfs{ngz="dev-i386",op="retzcbuf"} 0
solmex_node_fs_zfs{ngz="dev-i386",op="realvfs"} 31380225
solmex_node_fs_zfs{ngz="edogs",op="open"} 16213350
solmex_node_fs_zfs{ngz="edogs",op="close"} 16296276
solmex_node_fs_zfs{ngz="edogs",op="read"} 37741080
solmex_node_fs_zfs{ngz="edogs",op="read_bytes"} 509871246811
solmex_node_fs_zfs{ngz="edogs",op="write"} 9735396
solmex_node_fs_zfs{ngz="edogs",op="write_bytes"} 15070613826
solmex_node_fs_zfs{ngz="edogs",op="ioctl"} 251530
solmex_node_fs_zfs{ngz="edogs",op="setfl"} 50
solmex_node_fs_zfs{ngz="edogs",op="getattr"} 171141135
solmex_node_fs_zfs{ngz="edogs",op="setattr"} 6027
solmex_node_fs_zfs{ngz="edogs",op="access"} 16378520
solmex_node_fs_zfs{ngz="edogs",op="lookup"} 1615302876
solmex_node_fs_zfs{ngz="edogs",op="create"} 24699
solmex_node_fs_zfs{ngz="edogs",op="remove"} 11310
solmex_node_fs_zfs{ngz="edogs",op="link"} 561
solmex_node_fs_zfs{ngz="edogs",op="rename"} 10455
solmex_node_fs_zfs{ngz="edogs",op="mkdir"} 265
solmex_node_fs_zfs{ngz="edogs",op="rmdir"} 406
solmex_node_fs_zfs{ngz="edogs",op="readdir"} 11905934
solmex_node_fs_zfs{ngz="edogs",op="readdir_bytes"} 4237018904
solmex_node_fs_zfs{ngz="edogs",op="symlink"} 60
solmex_node_fs_zfs{ngz="edogs",op="readlink"} 69542433
solmex_node_fs_zfs{ngz="edogs",op="fsync"} 11384
solmex_node_fs_zfs{ngz="edogs",op="inactive"} 30288316
solmex_node_fs_zfs{ngz="edogs",op="fid"} 17898
solmex_node_fs_zfs{ngz="edogs",op="rwlock"} 59146658
solmex_node_fs_zfs{ngz="edogs",op="rwunlock"} 59150912
solmex_node_fs_zfs{ngz="edogs",op="seek"} 9064744
solmex_node_fs_zfs{ngz="edogs",op="cmp"} 29639705
solmex_node_fs_zfs{ngz="edogs",op="frlock"} 70875
solmex_node_fs_zfs{ngz="edogs",op="space"} 237
solmex_node_fs_zfs{ngz="edogs",op="realvp"} 9963246
solmex_node_fs_zfs{ngz="edogs",op="getpage"} 20486887
solmex_node_fs_zfs{ngz="edogs",op="putpage"} 545
solmex_node_fs_zfs{ngz="edogs",op="map"} 1322365
solmex_node_fs_zfs{ngz="edogs",op="addmap"} 2480727
solmex_node_fs_zfs{ngz="edogs",op="delmap"} 2478703
solmex_node_fs_zfs{ngz="edogs",op="poll"} 0
solmex_node_fs_zfs{ngz="edogs",op="dump"} 0
solmex_node_fs_zfs{ngz="edogs",op="pathconf"} 90277
solmex_node_fs_zfs{ngz="edogs",op="pageio"} 0
solmex_node_fs_zfs{ngz="edogs",op="dumpctl"} 0
solmex_node_fs_zfs{ngz="edogs",op="dispose"} 14950229
solmex_node_fs_zfs{ngz="edogs",op="setsecattr"} 2
solmex_node_fs_zfs{ngz="edogs",op="getsecattr"} 23693
solmex_node_fs_zfs{ngz="edogs",op="shrlock"} 4648
solmex_node_fs_zfs{ngz="edogs",op="vnevent"} 7
solmex_node_fs_zfs{ngz="edogs",op="reqzcbuf"} 36567
solmex_node_fs_zfs{ngz="edogs",op="retzcbuf"} 34725
solmex_node_fs_zfs{ngz="edogs",op="realvfs"} 1091263
solmex_node_fs_zfs{ngz="emoel",op="open"} 24907616
solmex_node_fs_zfs{ngz="emoel",op="close"} 25874954
solmex_node_fs_zfs{ngz="emoel",op="read"} 233879485
solmex_node_fs_zfs{ngz="emoel",op="read_bytes"} 3511127180886
solmex_node_fs_zfs{ngz="emoel",op="write"} 36964560
solmex_node_fs_zfs{ngz="emoel",op="write_bytes"} 3220412686774
solmex_node_fs_zfs{ngz="emoel",op="ioctl"} 2238561
solmex_node_fs_zfs{ngz="emoel",op="setfl"} 88
solmex_node_fs_zfs{ngz="emoel",op="getattr"} 158038541
solmex_node_fs_zfs{ngz="emoel",op="setattr"} 193526
solmex_node_fs_zfs{ngz="emoel",op="access"} 33428731
solmex_node_fs_zfs{ngz="emoel",op="lookup"} 573971724
solmex_node_fs_zfs{ngz="emoel",op="create"} 1067567
solmex_node_fs_zfs{ngz="emoel",op="remove"} 997999
solmex_node_fs_zfs{ngz="emoel",op="link"} 12540
solmex_node_fs_zfs{ngz="emoel",op="rename"} 73145
solmex_node_fs_zfs{ngz="emoel",op="mkdir"} 181494
solmex_node_fs_zfs{ngz="emoel",op="rmdir"} 227027
solmex_node_fs_zfs{ngz="emoel",op="readdir"} 927994
solmex_node_fs_zfs{ngz="emoel",op="readdir_bytes"} 507825432
solmex_node_fs_zfs{ngz="emoel",op="symlink"} 60
solmex_node_fs_zfs{ngz="emoel",op="readlink"} 46491895
solmex_node_fs_zfs{ngz="emoel",op="fsync"} 225728
solmex_node_fs_zfs{ngz="emoel",op="inactive"} 2860729
solmex_node_fs_zfs{ngz="emoel",op="fid"} 9
solmex_node_fs_zfs{ngz="emoel",op="rwlock"} 271781441
solmex_node_fs_zfs{ngz="emoel",op="rwunlock"} 271781327
solmex_node_fs_zfs{ngz="emoel",op="seek"} 4082207
solmex_node_fs_zfs{ngz="emoel",op="cmp"} 165484619
solmex_node_fs_zfs{ngz="emoel",op="frlock"} 87946353
solmex_node_fs_zfs{ngz="emoel",op="space"} 40703
solmex_node_fs_zfs{ngz="emoel",op="realvp"} 5908271
solmex_node_fs_zfs{ngz="emoel",op="getpage"} 1215067027
solmex_node_fs_zfs{ngz="emoel",op="putpage"} 19649
solmex_node_fs_zfs{ngz="emoel",op="map"} 19119471
solmex_node_fs_zfs{ngz="emoel",op="addmap"} 160317934
solmex_node_fs_zfs{ngz="emoel",op="delmap"} 160317092
solmex_node_fs_zfs{ngz="emoel",op="poll"} 0
solmex_node_fs_zfs{ngz="emoel",op="dump"} 0
solmex_node_fs_zfs{ngz="emoel",op="pathconf"} 4608
solmex_node_fs_zfs{ngz="emoel",op="pageio"} 0
solmex_node_fs_zfs{ngz="emoel",op="dumpctl"} 0
solmex_node_fs_zfs{ngz="emoel",op="dispose"} 494447126
solmex_node_fs_zfs{ngz="emoel",op="setsecattr"} 18
solmex_node_fs_zfs{ngz="emoel",op="getsecattr"} 1213288
solmex_node_fs_zfs{ngz="emoel",op="shrlock"} 0
solmex_node_fs_zfs{ngz="emoel",op="vnevent"} 48
solmex_node_fs_zfs{ngz="emoel",op="reqzcbuf"} 0
solmex_node_fs_zfs{ngz="emoel",op="retzcbuf"} 0
solmex_node_fs_zfs{ngz="emoel",op="realvfs"} 15785383
solmex_node_fs_zfs{ngz="srepo",op="open"} 1955742
solmex_node_fs_zfs{ngz="srepo",op="close"} 2121763
solmex_node_fs_zfs{ngz="srepo",op="read"} 3643126
solmex_node_fs_zfs{ngz="srepo",op="read_bytes"} 96038085787
solmex_node_fs_zfs{ngz="srepo",op="write"} 2259784
solmex_node_fs_zfs{ngz="srepo",op="write_bytes"} 5251681069
solmex_node_fs_zfs{ngz="srepo",op="ioctl"} 333661
solmex_node_fs_zfs{ngz="srepo",op="setfl"} 50
solmex_node_fs_zfs{ngz="srepo",op="getattr"} 21890382
solmex_node_fs_zfs{ngz="srepo",op="setattr"} 7226
solmex_node_fs_zfs{ngz="srepo",op="access"} 2132990
solmex_node_fs_zfs{ngz="srepo",op="lookup"} 136363950
solmex_node_fs_zfs{ngz="srepo",op="create"} 23571
solmex_node_fs_zfs{ngz="srepo",op="remove"} 11264
solmex_node_fs_zfs{ngz="srepo",op="link"} 3
solmex_node_fs_zfs{ngz="srepo",op="rename"} 10908
solmex_node_fs_zfs{ngz="srepo",op="mkdir"} 809
solmex_node_fs_zfs{ngz="srepo",op="rmdir"} 1435
solmex_node_fs_zfs{ngz="srepo",op="readdir"} 544506
solmex_node_fs_zfs{ngz="srepo",op="readdir_bytes"} 290569296
solmex_node_fs_zfs{ngz="srepo",op="symlink"} 60
solmex_node_fs_zfs{ngz="srepo",op="readlink"} 481242
solmex_node_fs_zfs{ngz="srepo",op="fsync"} 13519
solmex_node_fs_zfs{ngz="srepo",op="inactive"} 4077457
solmex_node_fs_zfs{ngz="srepo",op="fid"} 0
solmex_node_fs_zfs{ngz="srepo",op="rwlock"} 6448326
solmex_node_fs_zfs{ngz="srepo",op="rwunlock"} 6448353
solmex_node_fs_zfs{ngz="srepo",op="seek"} 397644
solmex_node_fs_zfs{ngz="srepo",op="cmp"} 3523514
solmex_node_fs_zfs{ngz="srepo",op="frlock"} 170187
solmex_node_fs_zfs{ngz="srepo",op="space"} 264
solmex_node_fs_zfs{ngz="srepo",op="realvp"} 374092
solmex_node_fs_zfs{ngz="srepo",op="getpage"} 46580468
solmex_node_fs_zfs{ngz="srepo",op="putpage"} 550
solmex_node_fs_zfs{ngz="srepo",op="map"} 1772408
solmex_node_fs_zfs{ngz="srepo",op="addmap"} 3293977
solmex_node_fs_zfs{ngz="srepo",op="delmap"} 3292892
solmex_node_fs_zfs{ngz="srepo",op="poll"} 0
solmex_node_fs_zfs{ngz="srepo",op="dump"} 0
solmex_node_fs_zfs{ngz="srepo",op="pathconf"} 2782
solmex_node_fs_zfs{ngz="srepo",op="pageio"} 0
solmex_node_fs_zfs{ngz="srepo",op="dumpctl"} 0
solmex_node_fs_zfs{ngz="srepo",op="dispose"} 39870944
solmex_node_fs_zfs{ngz="srepo",op="setsecattr"} 2
solmex_node_fs_zfs{ngz="srepo",op="getsecattr"} 23400
solmex_node_fs_zfs{ngz="srepo",op="shrlock"} 0
solmex_node_fs_zfs{ngz="srepo",op="vnevent"} 7
solmex_node_fs_zfs{ngz="srepo",op="reqzcbuf"} 0
solmex_node_fs_zfs{ngz="srepo",op="retzcbuf"} 0
solmex_node_fs_zfs{ngz="srepo",op="realvfs"} 908251
solmex_node_fs_zfs{ngz="bloatware",op="open"} 29335169
solmex_node_fs_zfs{ngz="bloatware",op="close"} 29520680
solmex_node_fs_zfs{ngz="bloatware",op="read"} 27129541
solmex_node_fs_zfs{ngz="bloatware",op="read_bytes"} 6446032707673
solmex_node_fs_zfs{ngz="bloatware",op="write"} 2734930
solmex_node_fs_zfs{ngz="bloatware",op="write_bytes"} 33085446985
solmex_node_fs_zfs{ngz="bloatware",op="ioctl"} 504872
solmex_node_fs_zfs{ngz="bloatware",op="setfl"} 50
solmex_node_fs_zfs{ngz="bloatware",op="getattr"} 517846270
solmex_node_fs_zfs{ngz="bloatware",op="setattr"} 418879
solmex_node_fs_zfs{ngz="bloatware",op="access"} 67333578
solmex_node_fs_zfs{ngz="bloatware",op="lookup"} 3217829874
solmex_node_fs_zfs{ngz="bloatware",op="create"} 236851
solmex_node_fs_zfs{ngz="bloatware",op="remove"} 215932
solmex_node_fs_zfs{ngz="bloatware",op="link"} 252
solmex_node_fs_zfs{ngz="bloatware",op="rename"} 11186
solmex_node_fs_zfs{ngz="bloatware",op="mkdir"} 29523
solmex_node_fs_zfs{ngz="bloatware",op="rmdir"} 27346
solmex_node_fs_zfs{ngz="bloatware",op="readdir"} 25731327
solmex_node_fs_zfs{ngz="bloatware",op="readdir_bytes"} 6138411296
solmex_node_fs_zfs{ngz="bloatware",op="symlink"} 85
solmex_node_fs_zfs{ngz="bloatware",op="readlink"} 2178130
solmex_node_fs_zfs{ngz="bloatware",op="fsync"} 1152175
solmex_node_fs_zfs{ngz="bloatware",op="inactive"} 161930535
solmex_node_fs_zfs{ngz="bloatware",op="fid"} 35369275
solmex_node_fs_zfs{ngz="bloatware",op="rwlock"} 55562324
solmex_node_fs_zfs{ngz="bloatware",op="rwunlock"} 55587483
solmex_node_fs_zfs{ngz="bloatware",op="seek"} 11366250
solmex_node_fs_zfs{ngz="bloatware",op="cmp"} 6963900
solmex_node_fs_zfs{ngz="bloatware",op="frlock"} 541045
solmex_node_fs_zfs{ngz="bloatware",op="space"} 2649
solmex_node_fs_zfs{ngz="bloatware",op="realvp"} 443942
solmex_node_fs_zfs{ngz="bloatware",op="getpage"} 54155700
solmex_node_fs_zfs{ngz="bloatware",op="putpage"} 8293
solmex_node_fs_zfs{ngz="bloatware",op="map"} 2086354
solmex_node_fs_zfs{ngz="bloatware",op="addmap"} 3241895
solmex_node_fs_zfs{ngz="bloatware",op="delmap"} 3241413
solmex_node_fs_zfs{ngz="bloatware",op="poll"} 0
solmex_node_fs_zfs{ngz="bloatware",op="dump"} 0
solmex_node_fs_zfs{ngz="bloatware",op="pathconf"} 3329124
solmex_node_fs_zfs{ngz="bloatware",op="pageio"} 0
solmex_node_fs_zfs{ngz="bloatware",op="dumpctl"} 0
solmex_node_fs_zfs{ngz="bloatware",op="dispose"} 44576772
solmex_node_fs_zfs{ngz="bloatware",op="setsecattr"} 40
solmex_node_fs_zfs{ngz="bloatware",op="getsecattr"} 187674
solmex_node_fs_zfs{ngz="bloatware",op="shrlock"} 10579691
solmex_node_fs_zfs{ngz="bloatware",op="vnevent"} 7
solmex_node_fs_zfs{ngz="bloatware",op="reqzcbuf"} 12344358
solmex_node_fs_zfs{ngz="bloatware",op="retzcbuf"} 7562041
solmex_node_fs_zfs{ngz="bloatware",op="realvfs"} 19848437
solmex_node_fs_zfs{ngz="archive",op="open"} 392815366
solmex_node_fs_zfs{ngz="archive",op="close"} 423494153
solmex_node_fs_zfs{ngz="archive",op="read"} 585706369
solmex_node_fs_zfs{ngz="archive",op="read_bytes"} 8743231350089
solmex_node_fs_zfs{ngz="archive",op="write"} 6488976
solmex_node_fs_zfs{ngz="archive",op="write_bytes"} 10977783400
solmex_node_fs_zfs{ngz="archive",op="ioctl"} 4031136
solmex_node_fs_zfs{ngz="archive",op="setfl"} 50
solmex_node_fs_zfs{ngz="archive",op="getattr"} 4050675859
solmex_node_fs_zfs{ngz="archive",op="setattr"} 40706
solmex_node_fs_zfs{ngz="archive",op="access"} 433558622
solmex_node_fs_zfs{ngz="archive",op="lookup"} 63782655060
solmex_node_fs_zfs{ngz="archive",op="create"} 14911
solmex_node_fs_zfs{ngz="archive",op="remove"} 19340
solmex_node_fs_zfs{ngz="archive",op="link"} 7224
solmex_node_fs_zfs{ngz="archive",op="rename"} 1688
solmex_node_fs_zfs{ngz="archive",op="mkdir"} 819
solmex_node_fs_zfs{ngz="archive",op="rmdir"} 1436
solmex_node_fs_zfs{ngz="archive",op="readdir"} 328734331
solmex_node_fs_zfs{ngz="archive",op="readdir_bytes"} 40361965704
solmex_node_fs_zfs{ngz="archive",op="symlink"} 69
solmex_node_fs_zfs{ngz="archive",op="readlink"} 49763939
solmex_node_fs_zfs{ngz="archive",op="fsync"} 455910
solmex_node_fs_zfs{ngz="archive",op="inactive"} 1263422307
solmex_node_fs_zfs{ngz="archive",op="fid"} 418771
solmex_node_fs_zfs{ngz="archive",op="rwlock"} 920928754
solmex_node_fs_zfs{ngz="archive",op="rwunlock"} 920929783
solmex_node_fs_zfs{ngz="archive",op="seek"} 22285758
solmex_node_fs_zfs{ngz="archive",op="cmp"} 778903550
solmex_node_fs_zfs{ngz="archive",op="frlock"} 2168065
solmex_node_fs_zfs{ngz="archive",op="space"} 1262
solmex_node_fs_zfs{ngz="archive",op="realvp"} 58147363
solmex_node_fs_zfs{ngz="archive",op="getpage"} 10433261273
solmex_node_fs_zfs{ngz="archive",op="putpage"} 181477
solmex_node_fs_zfs{ngz="archive",op="map"} 442447916
solmex_node_fs_zfs{ngz="archive",op="addmap"} 463945856
solmex_node_fs_zfs{ngz="archive",op="delmap"} 463944653
solmex_node_fs_zfs{ngz="archive",op="poll"} 0
solmex_node_fs_zfs{ngz="archive",op="dump"} 0
solmex_node_fs_zfs{ngz="archive",op="pathconf"} 408825
solmex_node_fs_zfs{ngz="archive",op="pageio"} 0
solmex_node_fs_zfs{ngz="archive",op="dumpctl"} 0
solmex_node_fs_zfs{ngz="archive",op="dispose"} 8502244484
solmex_node_fs_zfs{ngz="archive",op="setsecattr"} 8
solmex_node_fs_zfs{ngz="archive",op="getsecattr"} 35062
solmex_node_fs_zfs{ngz="archive",op="shrlock"} 140849
solmex_node_fs_zfs{ngz="archive",op="vnevent"} 9
solmex_node_fs_zfs{ngz="archive",op="reqzcbuf"} 275957
solmex_node_fs_zfs{ngz="archive",op="retzcbuf"} 210780
solmex_node_fs_zfs{ngz="archive",op="realvfs"} 221875080
solmex_node_fs_zfs{ngz="homes",op="open"} 45049518
solmex_node_fs_zfs{ngz="homes",op="close"} 45763035
solmex_node_fs_zfs{ngz="homes",op="read"} 143588112
solmex_node_fs_zfs{ngz="homes",op="read_bytes"} 21471309368803
solmex_node_fs_zfs{ngz="homes",op="write"} 35726866
solmex_node_fs_zfs{ngz="homes",op="write_bytes"} 502575879727
solmex_node_fs_zfs{ngz="homes",op="ioctl"} 616152
solmex_node_fs_zfs{ngz="homes",op="setfl"} 31
solmex_node_fs_zfs{ngz="homes",op="getattr"} 1437948624
solmex_node_fs_zfs{ngz="homes",op="setattr"} 1099141
solmex_node_fs_zfs{ngz="homes",op="access"} 59384449
solmex_node_fs_zfs{ngz="homes",op="lookup"} 13074279830
solmex_node_fs_zfs{ngz="homes",op="create"} 194097
solmex_node_fs_zfs{ngz="homes",op="remove"} 99793
solmex_node_fs_zfs{ngz="homes",op="link"} 2548
solmex_node_fs_zfs{ngz="homes",op="rename"} 183587
solmex_node_fs_zfs{ngz="homes",op="mkdir"} 3043
solmex_node_fs_zfs{ngz="homes",op="rmdir"} 3856
solmex_node_fs_zfs{ngz="homes",op="readdir"} 52021607
solmex_node_fs_zfs{ngz="homes",op="readdir_bytes"} 12959491408
solmex_node_fs_zfs{ngz="homes",op="symlink"} 81
solmex_node_fs_zfs{ngz="homes",op="readlink"} 3288956
solmex_node_fs_zfs{ngz="homes",op="fsync"} 8811760
solmex_node_fs_zfs{ngz="homes",op="inactive"} 350077528
solmex_node_fs_zfs{ngz="homes",op="fid"} 6594962
solmex_node_fs_zfs{ngz="homes",op="rwlock"} 230887620
solmex_node_fs_zfs{ngz="homes",op="rwunlock"} 231294183
solmex_node_fs_zfs{ngz="homes",op="seek"} 12768717
solmex_node_fs_zfs{ngz="homes",op="cmp"} 20094121
solmex_node_fs_zfs{ngz="homes",op="frlock"} 118551150
solmex_node_fs_zfs{ngz="homes",op="space"} 129555
solmex_node_fs_zfs{ngz="homes",op="realvp"} 1547516
solmex_node_fs_zfs{ngz="homes",op="getpage"} 230819719
solmex_node_fs_zfs{ngz="homes",op="putpage"} 21168
solmex_node_fs_zfs{ngz="homes",op="map"} 10178324
solmex_node_fs_zfs{ngz="homes",op="addmap"} 10845253
solmex_node_fs_zfs{ngz="homes",op="delmap"} 10843671
solmex_node_fs_zfs{ngz="homes",op="poll"} 0
solmex_node_fs_zfs{ngz="homes",op="dump"} 0
solmex_node_fs_zfs{ngz="homes",op="pathconf"} 11727604
solmex_node_fs_zfs{ngz="homes",op="pageio"} 0
solmex_node_fs_zfs{ngz="homes",op="dumpctl"} 0
solmex_node_fs_zfs{ngz="homes",op="dispose"} 95644990
solmex_node_fs_zfs{ngz="homes",op="setsecattr"} 903
solmex_node_fs_zfs{ngz="homes",op="getsecattr"} 76198
solmex_node_fs_zfs{ngz="homes",op="shrlock"} 6196138
solmex_node_fs_zfs{ngz="homes",op="vnevent"} 9
solmex_node_fs_zfs{ngz="homes",op="reqzcbuf"} 116979063
solmex_node_fs_zfs{ngz="homes",op="retzcbuf"} 89474610
solmex_node_fs_zfs{ngz="homes",op="realvfs"} 54851860
solmex_request_total{url="/metrics"} 57986

solmex_response_total{type="count"} 57986
solmex_response_total{type="bytes"} 4051918305

solmex_process_minor_pagefaults 0

solmex_process_major_pagefaults 0

solmex_process_total_cpu_seconds 117.871186341

solmex_process_children_system_cpu_seconds 0

solmex_process_resident_memory_bytes 35684352

solmex_process_cpu_utilization_percent 0.0091552734375

solmex_process_mem_utilization_percent 0.0244140625

solmex_process_open_fds 19

solmex_process_max_fds 256

solmex_process_children_user_cpu_seconds 0

solmex_process_virtual_memory_bytes 37703680

solmex_process_system_cpu_seconds 51.668153685999997

solmex_process_threads_total 2

solmex_process_start_time_seconds 1748401716

solmex_process_voluntary_ctxsw_total 66317

solmex_process_user_cpu_seconds 66.203032655000001

solmex_process_children_total_cpu_seconds 0

solmex_process_involuntary_ctxsw_total 39

solmex_scrape_duration_seconds{collector="default"} 2.0929000000000002e-05
solmex_scrape_duration_seconds{collector="process"} 0.00017151500000000001
solmex_scrape_duration_seconds{collector="node"} 0.00062978399999999999
solmex_scrape_duration_seconds{collector="libprom"} 0.00083871300000000005
